[Friday/February 07/02/2025 18:50:10] "DE Zoomcamp 2.2.5 - Orchestrate dbt Models with Postgres in Kestra" | https://www.youtube.com/watch?v=ZLp2N6p2JjE | length=277.501 | time=277.48368749999
[Sunday/February 09/02/2025 14:07:19] "The.Night.Agent.2023.S01E01.2160p.NF.WEB-DL.HDR.DV.HEVC.RGzsRutracker.mkv" | https://torrentio.strem.fun/realdebrid/PYALO6LXEIGXWN2N2HXQUZA3L3LCBSISLE7WEXOBILSWB2NPBXVA/46bc0cd5918b0aedbc27e15cca1478e41fc500f7/null/0/The.Night.Agent.2023.S01E01.2160p.NF.WEB-DL.HDR.DV.HEVC.RGzsRutracker.mkv | length=3340.352 | time=293.21
[Sunday/February 09/02/2025 14:29:26] "I Told You I'd Play This Flop" | https://www.youtube.com/watch?v=47h4aQyEg-Q | length=1240.101 | time=1237.8
[Monday/February 10/02/2025 04:03:00] "I made my own VPN" | https://www.youtube.com/watch?v=St-Itlk0W50 | length=678.781 | time=636.937
[Monday/February 10/02/2025 04:17:03] "One Of The Coolest Maps Ever in CUP OF THE DAY!" | https://www.youtube.com/watch?v=ivBpqNpi7yU | length=3244.261 | time=2470.168
[Monday/February 10/02/2025 04:32:13] "I Played Fernando Verdasco In A Pro Event ($30k)" | https://www.youtube.com/watch?v=l6NFvYwyexY | length=2626.761 | time=1150.583
[Monday/February 10/02/2025 11:08:15] "What’s His Plan?" | https://www.youtube.com/watch?v=DFdeoiLeXWY | length=782.701 | time=782.67602083287
[Monday/February 10/02/2025 11:22:51] "Semantic Versioning sucks - but we can fix it" | https://www.youtube.com/watch?v=5TIDnT9LTFc | length=1311.701 | time=30.664
[Monday/February 10/02/2025 11:47:22] "Semantic Versioning sucks - but we can fix it" | https://www.youtube.com/watch?v=5TIDnT9LTFc | length=1311.701 | time=1240.773
[Monday/February 10/02/2025 11:49:01] "Data Engineering Zoomcamp 2023" | https://www.youtube.com/watch?v=-zpVha7bw5A | length=4464.941 | time=53.2
[Monday/February 10/02/2025 13:16:46] "The final step of a 5 year plan" | https://www.youtube.com/watch?v=No_k8gPxDco | length=900.821 | time=898.466098167
[Monday/February 10/02/2025 18:23:47] "THESE RIGHT WING USAID TAKES ARE SO DUMB" | https://www.youtube.com/watch?v=0ZXGBqBBhac | length=2655.001 | time=0
[Monday/February 10/02/2025 18:36:33] "DE Zoomcamp 2.2.9 - Deploy Workflows to the Cloud with Git in Kestra" | https://www.youtube.com/watch?v=l-wC71tI3co | length=162.381 | time=63.96
[Monday/February 10/02/2025 18:37:48] "DE Zoomcamp 1.1.1 - Introduction to Google Cloud Platform" | https://www.youtube.com/watch?v=18jIzE41fJ4 | length=189.761 | time=153.945
[Monday/February 10/02/2025 18:37:55] "DE Zoomcamp 1.4.1 - Setting up the Environment on Google Cloud (Cloud VM + SSH access)" | https://www.youtube.com/watch?v=ae-CV2KfoN0 | length=3021.961 | time=0
[Monday/February 10/02/2025 18:55:23] "THESE RIGHT WING USAID TAKES ARE SO DUMB" | https://www.youtube.com/watch?v=0ZXGBqBBhac | length=2655.001 | time=420.267
[Monday/February 10/02/2025 18:57:18] "Yellowjackets.S01E01.2160p.SHO.WEB-DL.DD5.1.DV.MP4.x265-DVSUX.mp4" | https://torrentio.strem.fun/realdebrid/PYALO6LXEIGXWN2N2HXQUZA3L3LCBSISLE7WEXOBILSWB2NPBXVA/e684ab403679e34f2befbf264261816cdc0b6e4b/null/1/Yellowjackets.S01E01.2160p.SHO.WEB-DL.DD5.1.DV.MP4.x265-DVSUX.mp4 | length=3375.6633333333 | time=26.109416666667
[Monday/February 10/02/2025 18:58:16] "Yellowjackets.S01E01.2160p.SHO.WEB-DL.DD5.1.DV.MP4.x265-DVSUX.mp4" | https://torrentio.strem.fun/realdebrid/PYALO6LXEIGXWN2N2HXQUZA3L3LCBSISLE7WEXOBILSWB2NPBXVA/e684ab403679e34f2befbf264261816cdc0b6e4b/null/1/Yellowjackets.S01E01.2160p.SHO.WEB-DL.DD5.1.DV.MP4.x265-DVSUX.mp4 | length=3375.6633333333 | time=31.906875
[Monday/February 10/02/2025 19:04:10] "Yellowjackets - S01E01 - Pilot" | https://torrentio.strem.fun/realdebrid/PYALO6LXEIGXWN2N2HXQUZA3L3LCBSISLE7WEXOBILSWB2NPBXVA/de449c0179ab9cdd757b4e3146df3a8d4c630f77/null/0/Yellowjackets.S01E01.Pilot.1080p.BluRay.DDP.5.1.x265-edge2020.mkv | length=3377.856 | time=347.806
[Tuesday/February 11/02/2025 00:27:44] "Yellowjackets - S01E01 - Pilot" | https://torrentio.strem.fun/realdebrid/PYALO6LXEIGXWN2N2HXQUZA3L3LCBSISLE7WEXOBILSWB2NPBXVA/de449c0179ab9cdd757b4e3146df3a8d4c630f77/null/0/Yellowjackets.S01E01.Pilot.1080p.BluRay.DDP.5.1.x265-edge2020.mkv | length=3377.856 | time=483.983
[Tuesday/February 11/02/2025 01:13:33] "the.penguin.s01e05.dv.hdr.2160p.web.h265-successfulcrab.mkv" | https://torrentio.strem.fun/realdebrid/PYALO6LXEIGXWN2N2HXQUZA3L3LCBSISLE7WEXOBILSWB2NPBXVA/f796f4b36d49af909b63ef16de33f196c649e24d/null/2/the.penguin.s01e05.dv.hdr.2160p.web.h265-successfulcrab.mkv | length=3252.224 | time=15.307
[Tuesday/February 11/02/2025 01:16:47] "the.penguin.s01e05.dv.hdr.2160p.web.h265-successfulcrab.mkv" | https://torrentio.strem.fun/realdebrid/PYALO6LXEIGXWN2N2HXQUZA3L3LCBSISLE7WEXOBILSWB2NPBXVA/f796f4b36d49af909b63ef16de33f196c649e24d/null/2/the.penguin.s01e05.dv.hdr.2160p.web.h265-successfulcrab.mkv | length=3252.224 | time=30.239
[Tuesday/February 11/02/2025 02:09:14] "The Penguin S01E05 Homecoming" | https://torrentio.strem.fun/realdebrid/PYALO6LXEIGXWN2N2HXQUZA3L3LCBSISLE7WEXOBILSWB2NPBXVA/ff8f9fadd114dded09f97d56adcd3d98b90c08d1/null/4/The.Penguin.S01E05.Homecoming.2160p.10bit.NOW.WEB-DL.DDP5.1.HEVC-Vyndros.mkv | length=3252.541 | time=3105.352
[Tuesday/February 11/02/2025 02:45:52] "Install Kestra on Google Cloud in 15 minutes | How-to Guide" | https://www.youtube.com/watch?v=qwA7-hm7d2o | length=929.621 | time=896.96
[Tuesday/February 11/02/2025 12:35:07] "Data Engineering Zoomcamp 2023" | https://www.youtube.com/watch?v=-zpVha7bw5A | length=4464.941 | time=9.9
[Tuesday/February 11/02/2025 12:55:50] "Install Kestra on Google Cloud in 15 minutes | How-to Guide" | https://www.youtube.com/watch?v=qwA7-hm7d2o | length=929.621 | time=0
[Tuesday/February 11/02/2025 13:30:51] "DE Zoomcamp 2.2.9 - Deploy Workflows to the Cloud with Git in Kestra" | https://www.youtube.com/watch?v=l-wC71tI3co | length=162.381 | time=162.32
[Tuesday/February 11/02/2025 13:31:36] "Install Kestra on Google Cloud in 15 minutes | How-to Guide" | https://www.youtube.com/watch?v=qwA7-hm7d2o | length=929.621 | time=838.76
[Tuesday/February 11/02/2025 22:45:56] "DE Zoomcamp 3.1.1 - Data Warehouse and BigQuery" | https://www.youtube.com/watch?v=jrHljAoD6nM | length=1384.341 | time=161.194
[Wednesday/February 12/02/2025 00:50:04] "Refresh Items for FREE trick - Don't show to anyone" | https://www.youtube.com/watch?v=mNFXt5ofQk0 | length=1443.581 | time=1217.05
[Wednesday/February 12/02/2025 12:28:36] "Firefox is hard to love" | https://www.youtube.com/watch?v=mmjUlFIaNLE | length=1365.741 | time=1349.715
[Wednesday/February 12/02/2025 13:32:16] "What Makes a Perfect Game?" | https://www.youtube.com/watch?v=hZfLmMGqWXA | length=592.381 | time=570.667
[Wednesday/February 12/02/2025 13:50:21] "DE Zoomcamp 3.1.1 - Data Warehouse and BigQuery" | https://www.youtube.com/watch?v=jrHljAoD6nM | length=1384.341 | time=553.453
[Wednesday/February 12/02/2025 14:01:38] "DE Zoomcamp 2.2.7 - Manage Schedules and Backfills with BigQuery in Kestra" | https://www.youtube.com/watch?v=DoaZ5JWEkH0 | length=309.261 | time=39.04
[Thursday/February 13/02/2025 19:41:39] "I Went 1v1 Against iShowSpeed & It Got HEATED!" | https://www.youtube.com/watch?v=OA5Rkbty-EE | length=1086.201 | time=1080.846
[Saturday/February 15/02/2025 00:03:56] "DE Zoomcamp 2.2.6 - ETL Pipelines in Kestra: Google Cloud Platform" | https://www.youtube.com/watch?v=nKqjjLJ7YXs | length=1176.781 | time=285.6
[Monday/February 17/02/2025 10:07:37] "I Survived 24 Hours Of Training Like Novak Djokovic!" | https://www.youtube.com/watch?v=qyiLGLJxs8Y | length=809.261 | time=0
[Monday/February 17/02/2025 10:08:28] "ELON'S HAVING ANOTHER BABY??" | https://www.youtube.com/watch?v=glup6n0iHZk | length=1052.041 | time=0
[Monday/February 17/02/2025 11:13:26] "I Survived 24 Hours Of Training Like Novak Djokovic!" | https://www.youtube.com/watch?v=qyiLGLJxs8Y | length=809.261 | time=251.467
[Monday/February 17/02/2025 11:13:29] "ELON'S HAVING ANOTHER BABY??" | https://www.youtube.com/watch?v=glup6n0iHZk | length=1052.041 | time=703.283
[Wednesday/February 19/02/2025 10:45:15] "DE Zoomcamp 2.2.6 - ETL Pipelines in Kestra: Google Cloud Platform" | https://www.youtube.com/watch?v=nKqjjLJ7YXs | length=1176.781 | time=0
[Wednesday/February 19/02/2025 11:52:42] "They Found A Ridiculous Secret Strategy" | https://www.youtube.com/watch?v=q3NEkmLEMxc&t=10s | length=1438.201 | time=1438.1869583323
[Wednesday/February 19/02/2025 14:45:56] "DE Zoomcamp 2.2.6 - ETL Pipelines in Kestra: Google Cloud Platform" | https://www.youtube.com/watch?v=nKqjjLJ7YXs | length=1176.781 | time=1141.28
[Wednesday/February 19/02/2025 14:50:55] "DE Zoomcamp 2.2.7 - Manage Schedules and Backfills with BigQuery in Kestra" | https://www.youtube.com/watch?v=DoaZ5JWEkH0 | length=309.261 | time=299.2
[Wednesday/February 19/02/2025 14:54:52] "DE Zoomcamp 2.2.8 - Orchestrate dbt Models with BigQuery in Kestra" | https://www.youtube.com/watch?v=eF_EdV4A1Wk | length=255.581 | time=143.2
[Wednesday/February 19/02/2025 15:00:51] "DE Zoomcamp 2.2.7 - Manage Schedules and Backfills with BigQuery in Kestra" | https://www.youtube.com/watch?v=DoaZ5JWEkH0 | length=309.261 | time=198.68
[Wednesday/February 19/02/2025 15:00:57] "DE Zoomcamp 2.2.8 - Orchestrate dbt Models with BigQuery in Kestra" | https://www.youtube.com/watch?v=eF_EdV4A1Wk | length=255.581 | time=0
[Tuesday/February 25/02/2025 20:11:56] "I Paid $200 for Alpha Male Coaching" | https://www.youtube.com/watch?v=Q2zxl6dlEYo | length=1820.181 | time=1440.1666666667
[Friday/February 28/02/2025 20:56:49] "The ASIAN Jamal Crawford... | Kam vs Koda" | https://www.youtube.com/watch?v=jds1J-7uGN8 | length=1315.181 | time=1224.617
[Sunday/March 02/03/2025 07:25:34] "Data Engineering Zoomcamp 2023" | https://www.youtube.com/watch?v=-zpVha7bw5A | length=4464.941 | time=18.433333333333
[Sunday/March 02/03/2025 07:55:14] "DE Zoomcamp 3.1.1 - Data Warehouse and BigQuery" | https://www.youtube.com/watch?v=jrHljAoD6nM | length=1384.341 | time=1384.283
[Sunday/March 02/03/2025 08:51:18] "DE Zoomcamp 3.1.2 - Partioning and Clustering" | https://www.youtube.com/watch?v=-CqXf7vhhDs | length=463.421 | time=463.363
[Sunday/March 02/03/2025 08:53:42] "DE Zoomcamp 3.2.1 - BigQuery Best Practices" | https://www.youtube.com/watch?v=k81mLJVX08w | length=224.901 | time=221.654
[Sunday/March 02/03/2025 09:03:59] "DE Zoomcamp 3.2.2 - Internals of Big Query" | https://www.youtube.com/watch?v=eduHi1inM4s | length=365.541 | time=362.629
[Sunday/March 02/03/2025 22:43:03] "DE Zoomcamp 3.3.1 - BigQuery Machine Learning" | https://www.youtube.com/watch?v=B-WtpB0PuG4 | length=951.941 | time=12.212
